[2026-02-08 10:19:43] 
==================================================
[2026-02-08 10:19:43] === 哲学园全自动批量同步系统 ===
[2026-02-08 10:19:43] ==================================================
[2026-02-08 10:19:53] 
==================================================
[2026-02-08 10:19:53] === 哲学园全自动批量同步系统 ===
[2026-02-08 10:19:53] ==================================================
[2026-02-08 10:20:39] 
==================================================
[2026-02-08 10:20:39] === 哲学园全自动批量同步系统 ===
[2026-02-08 10:20:39] ==================================================
[2026-02-08 10:20:39] [警告] 链接文件为空
[2026-02-08 10:21:36] 
==================================================
[2026-02-08 10:21:36] === 哲学园全自动批量同步系统 ===
[2026-02-08 10:21:36] ==================================================
[2026-02-08 10:21:36] [警告] 链接文件为空
[2026-02-08 10:29:39] 
==================================================
[2026-02-08 10:29:39] === 哲学园全自动批量同步系统 ===
[2026-02-08 10:29:39] ==================================================
[2026-02-08 10:29:39] [信息] 共找到 1 个待处理链接
[2026-02-08 10:29:39] 
[1/1] 处理中...
[2026-02-08 10:29:39] [下载] 正在下载: https://mp.weixin.qq.com/s/hbt-P6ngWjlZhDgHLBt3Uw/xxxxx
[2026-02-08 10:29:40] [错误] 无法抓取正文: 未命名
[2026-02-08 10:29:40] 
==================================================
[2026-02-08 10:32:01] 
==================================================
[2026-02-08 10:32:01] === 哲学园全自动批量同步系统 ===
[2026-02-08 10:32:01] ==================================================
[2026-02-08 10:32:01] [信息] 共找到 1 个待处理链接
[2026-02-08 10:32:01] 
[1/1] 处理中...
[2026-02-08 10:32:01] [下载] 正在下载: https://mp.weixin.qq.com/s/hbt-P6ngWjlZhDgHLBt3Uw
[2026-02-08 10:32:06] [成功] 首页 index.html 已更新
[2026-02-08 10:32:06] [成功] 文章《老蝉说卷》处理完成，共1张图片
[2026-02-08 10:32:06] 
==================================================
[2026-02-08 10:32:06] [统计] 批量处理完成：成功 1 篇，失败 0 篇
[2026-02-08 10:32:06] ==================================================

[2026-02-08 10:32:23] 
==================================================
[2026-02-08 10:32:23] === 哲学园全自动批量同步系统 ===
[2026-02-08 10:32:23] ==================================================
[2026-02-08 10:32:23] [信息] 共找到 1 个待处理链接
[2026-02-08 10:32:23] 
[1/1] 处理中...
[2026-02-08 10:32:23] [下载] 正在下载: https://mp.weixin.qq.com/s/hbt-P6ngWjlZhDgHLBt3Uw
[2026-02-08 10:32:26] [成功] 首页 index.html 已更新
[2026-02-08 10:32:26] [成功] 文章《老蝉说卷》处理完成，共1张图片
[2026-02-08 10:32:26] 
==================================================
[2026-02-08 10:32:26] [统计] 批量处理完成：成功 1 篇，失败 0 篇
[2026-02-08 10:32:26] ==================================================

[2026-02-08 10:32:26] [推送] 开始推送到GitHub...
[2026-02-08 10:32:28] [添加] 正在添加文件到Git...
[2026-02-08 10:32:28] [保存] 正在提交: 自动同步文章 - 2026-02-08 10:32:28
[2026-02-08 10:32:29] [推送] 正在推送到GitHub...
[2026-02-08 10:32:32] [成功] GitHub推送成功！
